{
  "RSpec": {
    "coverage": {
      "/Users/campuscode7/workspace/the_walking_dog/app/models/walker.rb": [
        1,
        null,
        null,
        1,
        null,
        1,
        null,
        null
      ],
      "/Users/campuscode7/workspace/the_walking_dog/app/models/application_record.rb": [
        1,
        1,
        null
      ],
      "/Users/campuscode7/workspace/the_walking_dog/app/models/user.rb": [
        1,
        null,
        null,
        1,
        null,
        1,
        null
      ],
      "/Users/campuscode7/workspace/the_walking_dog/app/helpers/application_helper.rb": [
        1,
        null
      ],
      "/Users/campuscode7/workspace/the_walking_dog/app/controllers/home_controller.rb": [
        1,
        1,
        12,
        12,
        12,
        null,
        null
      ],
      "/Users/campuscode7/workspace/the_walking_dog/app/controllers/application_controller.rb": [
        1,
        1,
        1,
        null,
        1,
        null,
        1,
        8,
        4,
        null,
        null,
        null,
        4,
        4,
        null,
        null,
        null,
        null
      ],
      "/Users/campuscode7/workspace/the_walking_dog/app/models/region.rb": [
        1,
        1,
        null
      ],
      "/Users/campuscode7/workspace/the_walking_dog/app/controllers/profiles_controller.rb": [
        1,
        1,
        null,
        1,
        3,
        3,
        null,
        null,
        1,
        1,
        null,
        null
      ],
      "/Users/campuscode7/workspace/the_walking_dog/app/models/dog.rb": [
        1,
        1,
        1,
        1,
        1,
        null
      ],
      "/Users/campuscode7/workspace/the_walking_dog/app/controllers/dogs_controller.rb": [
        1,
        1,
        null,
        1,
        2,
        null,
        null,
        1,
        2,
        2,
        null,
        2,
        1,
        1,
        null,
        1,
        null,
        null,
        null,
        1,
        null,
        1,
        2,
        null,
        null
      ],
      "/Users/campuscode7/workspace/the_walking_dog/app/controllers/walkers_controller.rb": [
        1,
        1,
        1,
        null,
        null,
        1,
        1,
        null,
        null
      ],
      "/Users/campuscode7/workspace/the_walking_dog/app/channels/application_cable/channel.rb": [
        0,
        0,
        0,
        0
      ],
      "/Users/campuscode7/workspace/the_walking_dog/app/channels/application_cable/connection.rb": [
        0,
        0,
        0,
        0
      ],
      "/Users/campuscode7/workspace/the_walking_dog/app/jobs/application_job.rb": [
        0,
        0
      ],
      "/Users/campuscode7/workspace/the_walking_dog/app/mailers/application_mailer.rb": [
        0,
        0,
        0,
        0
      ]
    },
    "timestamp": 1475625109
  }
}
