{
  "RSpec": {
    "coverage": {
      "/Users/campuscode7/workspace/the_walking_dog/app/helpers/application_helper.rb": [
        1,
        null
      ],
      "/Users/campuscode7/workspace/the_walking_dog/app/models/walker.rb": [
        1,
        null
      ],
      "/Users/campuscode7/workspace/the_walking_dog/app/models/application_record.rb": [
        1,
        1,
        null
      ],
      "/Users/campuscode7/workspace/the_walking_dog/app/controllers/home_controller.rb": [
        1,
        1,
        2,
        null,
        null
      ],
      "/Users/campuscode7/workspace/the_walking_dog/app/controllers/application_controller.rb": [
        1,
        1,
        null
      ],
      "/Users/campuscode7/workspace/the_walking_dog/app/channels/application_cable/channel.rb": [
        0,
        0,
        0,
        0
      ],
      "/Users/campuscode7/workspace/the_walking_dog/app/channels/application_cable/connection.rb": [
        0,
        0,
        0,
        0
      ],
      "/Users/campuscode7/workspace/the_walking_dog/app/jobs/application_job.rb": [
        0,
        0
      ],
      "/Users/campuscode7/workspace/the_walking_dog/app/mailers/application_mailer.rb": [
        0,
        0,
        0,
        0
      ],
      "/Users/campuscode7/workspace/the_walking_dog/app/models/region.rb": [
        0,
        0,
        0
      ]
    },
    "timestamp": 1475191085
  }
}
